# JRE version: Java(TM) SE Runtime Environment (8.0_60-b27) (build 1.8.0_60-b27)
# Java VM: Java HotSpot(TM) 64-Bit Server VM (25.60-b23 mixed mode bsd-amd64 compressed oops)
Heap:
 PSYoungGen      total 91648K, used 65723K [0x00000007aab00000, 0x00000007b6580000, 0x00000007c0000000)
  eden space 91136K, 72% used [0x00000007aab00000,0x00000007aeb16f18,0x00000007b0400000)
  from space 512K, 18% used [0x00000007b6480000,0x00000007b6498000,0x00000007b6500000)
  to   space 512K, 0% used [0x00000007b6500000,0x00000007b6500000,0x00000007b6580000)
 ParOldGen       total 44032K, used 19359K [0x0000000780000000, 0x0000000782b00000, 0x00000007aab00000)
  object space 44032K, 43% used [0x0000000780000000,0x00000007812e7fc0,0x0000000782b00000)
 Metaspace       used 10885K, capacity 11016K, committed 11136K, reserved 1058816K
  class space    used 1297K, capacity 1353K, committed 1408K, reserved 1048576K
GC Heap History (10 events):
Event: 44,291 GC heap before
{Heap before GC invocations=469 (full 0):
 PSYoungGen      total 112640K, used 112320K [0x00000007aab00000, 0x00000007b6580000, 0x00000007c0000000)
  eden space 112128K, 100% used [0x00000007aab00000,0x00000007b1880000,0x00000007b1880000)
  from space 512K, 37% used [0x00000007b6500000,0x00000007b6530000,0x00000007b6580000)
  to   space 512K, 0% used [0x00000007b6480000,0x00000007b6480000,0x00000007b6500000)
 ParOldGen       total 44032K, used 19359K [0x0000000780000000, 0x0000000782b00000, 0x00000007aab00000)
  object space 44032K, 43% used [0x0000000780000000,0x00000007812e7fc0,0x0000000782b00000)
 Metaspace       used 10885K, capacity 11016K, committed 11136K, reserved 1058816K
  class space    used 1297K, capacity 1353K, committed 1408K, reserved 1048576K
Event: 44,292 GC heap after
Heap after GC invocations=469 (full 0):
 PSYoungGen      total 108032K, used 96K [0x00000007aab00000, 0x00000007b6580000, 0x00000007c0000000)
  eden space 107520K, 0% used [0x00000007aab00000,0x00000007aab00000,0x00000007b1400000)
  from space 512K, 18% used [0x00000007b6480000,0x00000007b6498000,0x00000007b6500000)
  to   space 512K, 0% used [0x00000007b6500000,0x00000007b6500000,0x00000007b6580000)
 ParOldGen       total 44032K, used 19359K [0x0000000780000000, 0x0000000782b00000, 0x00000007aab00000)
  object space 44032K, 43% used [0x0000000780000000,0x00000007812e7fc0,0x0000000782b00000)
 Metaspace       used 10885K, capacity 11016K, committed 11136K, reserved 1058816K
  class space    used 1297K, capacity 1353K, committed 1408K, reserved 1048576K
}
Event: 44,465 GC heap before
{Heap before GC invocations=470 (full 0):
 PSYoungGen      total 108032K, used 107616K [0x00000007aab00000, 0x00000007b6580000, 0x00000007c0000000)
  eden space 107520K, 100% used [0x00000007aab00000,0x00000007b1400000,0x00000007b1400000)
  from space 512K, 18% used [0x00000007b6480000,0x00000007b6498000,0x00000007b6500000)
  to   space 512K, 0% used [0x00000007b6500000,0x00000007b6500000,0x00000007b6580000)
 ParOldGen       total 44032K, used 19359K [0x0000000780000000, 0x0000000782b00000, 0x00000007aab00000)
  object space 44032K, 43% used [0x0000000780000000,0x00000007812e7fc0,0x0000000782b00000)
 Metaspace       used 10885K, capacity 11016K, committed 11136K, reserved 1058816K
  class space    used 1297K, capacity 1353K, committed 1408K, reserved 1048576K
Event: 44,466 GC heap after
Heap after GC invocations=470 (full 0):
 PSYoungGen      total 103424K, used 96K [0x00000007aab00000, 0x00000007b6580000, 0x00000007c0000000)
  eden space 102912K, 0% used [0x00000007aab00000,0x00000007aab00000,0x00000007b0f80000)
  from space 512K, 18% used [0x00000007b6500000,0x00000007b6518000,0x00000007b6580000)
  to   space 512K, 0% used [0x00000007b6480000,0x00000007b6480000,0x00000007b6500000)
 ParOldGen       total 44032K, used 19359K [0x0000000780000000, 0x0000000782b00000, 0x00000007aab00000)
  object space 44032K, 43% used [0x0000000780000000,0x00000007812e7fc0,0x0000000782b00000)
 Metaspace       used 10885K, capacity 11016K, committed 11136K, reserved 1058816K
  class space    used 1297K, capacity 1353K, committed 1408K, reserved 1048576K
}
Event: 44,620 GC heap before
{Heap before GC invocations=471 (full 0):
 PSYoungGen      total 103424K, used 103008K [0x00000007aab00000, 0x00000007b6580000, 0x00000007c0000000)
  eden space 102912K, 100% used [0x00000007aab00000,0x00000007b0f80000,0x00000007b0f80000)
  from space 512K, 18% used [0x00000007b6500000,0x00000007b6518000,0x00000007b6580000)
  to   space 512K, 0% used [0x00000007b6480000,0x00000007b6480000,0x00000007b6500000)
 ParOldGen       total 44032K, used 19359K [0x0000000780000000, 0x0000000782b00000, 0x00000007aab00000)
  object space 44032K, 43% used [0x0000000780000000,0x00000007812e7fc0,0x0000000782b00000)
 Metaspace       used 10885K, capacity 11016K, committed 11136K, reserved 1058816K
  class space    used 1297K, capacity 1353K, committed 1408K, reserved 1048576K
Event: 44,621 GC heap after
Heap after GC invocations=471 (full 0):
 PSYoungGen      total 99328K, used 96K [0x00000007aab00000, 0x00000007b6580000, 0x00000007c0000000)
  eden space 98816K, 0% used [0x00000007aab00000,0x00000007aab00000,0x00000007b0b80000)
  from space 512K, 18% used [0x00000007b6480000,0x00000007b6498000,0x00000007b6500000)
  to   space 512K, 0% used [0x00000007b6500000,0x00000007b6500000,0x00000007b6580000)
 ParOldGen       total 44032K, used 19359K [0x0000000780000000, 0x0000000782b00000, 0x00000007aab00000)
  object space 44032K, 43% used [0x0000000780000000,0x00000007812e7fc0,0x0000000782b00000)
 Metaspace       used 10885K, capacity 11016K, committed 11136K, reserved 1058816K
  class space    used 1297K, capacity 1353K, committed 1408K, reserved 1048576K
}
Event: 44,801 GC heap before
{Heap before GC invocations=472 (full 0):
 PSYoungGen      total 99328K, used 98912K [0x00000007aab00000, 0x00000007b6580000, 0x00000007c0000000)
  eden space 98816K, 100% used [0x00000007aab00000,0x00000007b0b80000,0x00000007b0b80000)
  from space 512K, 18% used [0x00000007b6480000,0x00000007b6498000,0x00000007b6500000)
  to   space 512K, 0% used [0x00000007b6500000,0x00000007b6500000,0x00000007b6580000)
 ParOldGen       total 44032K, used 19359K [0x0000000780000000, 0x0000000782b00000, 0x00000007aab00000)
  object space 44032K, 43% used [0x0000000780000000,0x00000007812e7fc0,0x0000000782b00000)
 Metaspace       used 10885K, capacity 11016K, committed 11136K, reserved 1058816K
  class space    used 1297K, capacity 1353K, committed 1408K, reserved 1048576K
Event: 44,802 GC heap after
Heap after GC invocations=472 (full 0):
 PSYoungGen      total 95232K, used 128K [0x00000007aab00000, 0x00000007b6580000, 0x00000007c0000000)
  eden space 94720K, 0% used [0x00000007aab00000,0x00000007aab00000,0x00000007b0780000)
  from space 512K, 25% used [0x00000007b6500000,0x00000007b6520000,0x00000007b6580000)
  to   space 512K, 0% used [0x00000007b6480000,0x00000007b6480000,0x00000007b6500000)
 ParOldGen       total 44032K, used 19359K [0x0000000780000000, 0x0000000782b00000, 0x00000007aab00000)
  object space 44032K, 43% used [0x0000000780000000,0x00000007812e7fc0,0x0000000782b00000)
 Metaspace       used 10885K, capacity 11016K, committed 11136K, reserved 1058816K
  class space    used 1297K, capacity 1353K, committed 1408K, reserved 1048576K
}
Event: 44,936 GC heap before
{Heap before GC invocations=473 (full 0):
 PSYoungGen      total 95232K, used 94848K [0x00000007aab00000, 0x00000007b6580000, 0x00000007c0000000)
  eden space 94720K, 100% used [0x00000007aab00000,0x00000007b0780000,0x00000007b0780000)
  from space 512K, 25% used [0x00000007b6500000,0x00000007b6520000,0x00000007b6580000)
  to   space 512K, 0% used [0x00000007b6480000,0x00000007b6480000,0x00000007b6500000)
 ParOldGen       total 44032K, used 19359K [0x0000000780000000, 0x0000000782b00000, 0x00000007aab00000)
  object space 44032K, 43% used [0x0000000780000000,0x00000007812e7fc0,0x0000000782b00000)
 Metaspace       used 10885K, capacity 11016K, committed 11136K, reserved 1058816K
  class space    used 1297K, capacity 1353K, committed 1408K, reserved 1048576K
Event: 44,938 GC heap after
Heap after GC invocations=473 (full 0):
 PSYoungGen      total 91648K, used 96K [0x00000007aab00000, 0x00000007b6580000, 0x00000007c0000000)
  eden space 91136K, 0% used [0x00000007aab00000,0x00000007aab00000,0x00000007b0400000)
  from space 512K, 18% used [0x00000007b6480000,0x00000007b6498000,0x00000007b6500000)
  to   space 512K, 0% used [0x00000007b6500000,0x00000007b6500000,0x00000007b6580000)
 ParOldGen       total 44032K, used 19359K [0x0000000780000000, 0x0000000782b00000, 0x00000007aab00000)
  object space 44032K, 43% used [0x0000000780000000,0x00000007812e7fc0,0x0000000782b00000)
 Metaspace       used 10885K, capacity 11016K, committed 11136K, reserved 1058816K
  class space    used 1297K, capacity 1353K, committed 1408K, reserved 1048576K
}

