# JRE version: Java(TM) SE Runtime Environment (8.0_60-b27) (build 1.8.0_60-b27)
# Java VM: Java HotSpot(TM) 64-Bit Server VM (25.60-b23 mixed mode bsd-amd64 compressed oops)
Heap:
 PSYoungGen      total 58368K, used 49136K [0x00000007aab00000, 0x00000007b0400000, 0x00000007c0000000)
  eden space 57856K, 84% used [0x00000007aab00000,0x00000007adad4010,0x00000007ae380000)
  from space 512K, 31% used [0x00000007b0380000,0x00000007b03a8000,0x00000007b0400000)
  to   space 512K, 0% used [0x00000007b0300000,0x00000007b0300000,0x00000007b0380000)
 ParOldGen       total 44032K, used 19011K [0x0000000780000000, 0x0000000782b00000, 0x00000007aab00000)
  object space 44032K, 43% used [0x0000000780000000,0x0000000781290cd0,0x0000000782b00000)
 Metaspace       used 10981K, capacity 11144K, committed 11392K, reserved 1058816K
  class space    used 1306K, capacity 1353K, committed 1408K, reserved 1048576K
GC Heap History (10 events):
Event: 36,950 GC heap before
{Heap before GC invocations=514 (full 0):
 PSYoungGen      total 45056K, used 44640K [0x00000007aab00000, 0x00000007b0400000, 0x00000007c0000000)
  eden space 44544K, 100% used [0x00000007aab00000,0x00000007ad680000,0x00000007ad680000)
  from space 512K, 18% used [0x00000007b0300000,0x00000007b0318000,0x00000007b0380000)
  to   space 512K, 0% used [0x00000007b0380000,0x00000007b0380000,0x00000007b0400000)
 ParOldGen       total 44032K, used 19011K [0x0000000780000000, 0x0000000782b00000, 0x00000007aab00000)
  object space 44032K, 43% used [0x0000000780000000,0x0000000781290cd0,0x0000000782b00000)
 Metaspace       used 10882K, capacity 11016K, committed 11136K, reserved 1058816K
  class space    used 1297K, capacity 1353K, committed 1408K, reserved 1048576K
Event: 36,951 GC heap after
Heap after GC invocations=514 (full 0):
 PSYoungGen      total 54272K, used 64K [0x00000007aab00000, 0x00000007b0400000, 0x00000007c0000000)
  eden space 53760K, 0% used [0x00000007aab00000,0x00000007aab00000,0x00000007adf80000)
  from space 512K, 12% used [0x00000007b0380000,0x00000007b0390000,0x00000007b0400000)
  to   space 512K, 0% used [0x00000007b0300000,0x00000007b0300000,0x00000007b0380000)
 ParOldGen       total 44032K, used 19011K [0x0000000780000000, 0x0000000782b00000, 0x00000007aab00000)
  object space 44032K, 43% used [0x0000000780000000,0x0000000781290cd0,0x0000000782b00000)
 Metaspace       used 10882K, capacity 11016K, committed 11136K, reserved 1058816K
  class space    used 1297K, capacity 1353K, committed 1408K, reserved 1048576K
}
Event: 37,022 GC heap before
{Heap before GC invocations=515 (full 0):
 PSYoungGen      total 54272K, used 53824K [0x00000007aab00000, 0x00000007b0400000, 0x00000007c0000000)
  eden space 53760K, 100% used [0x00000007aab00000,0x00000007adf80000,0x00000007adf80000)
  from space 512K, 12% used [0x00000007b0380000,0x00000007b0390000,0x00000007b0400000)
  to   space 512K, 0% used [0x00000007b0300000,0x00000007b0300000,0x00000007b0380000)
 ParOldGen       total 44032K, used 19011K [0x0000000780000000, 0x0000000782b00000, 0x00000007aab00000)
  object space 44032K, 43% used [0x0000000780000000,0x0000000781290cd0,0x0000000782b00000)
 Metaspace       used 10882K, capacity 11016K, committed 11136K, reserved 1058816K
  class space    used 1297K, capacity 1353K, committed 1408K, reserved 1048576K
Event: 37,022 GC heap after
Heap after GC invocations=515 (full 0):
 PSYoungGen      total 65024K, used 96K [0x00000007aab00000, 0x00000007b0400000, 0x00000007c0000000)
  eden space 64512K, 0% used [0x00000007aab00000,0x00000007aab00000,0x00000007aea00000)
  from space 512K, 18% used [0x00000007b0300000,0x00000007b0318000,0x00000007b0380000)
  to   space 512K, 0% used [0x00000007b0380000,0x00000007b0380000,0x00000007b0400000)
 ParOldGen       total 44032K, used 19011K [0x0000000780000000, 0x0000000782b00000, 0x00000007aab00000)
  object space 44032K, 43% used [0x0000000780000000,0x0000000781290cd0,0x0000000782b00000)
 Metaspace       used 10882K, capacity 11016K, committed 11136K, reserved 1058816K
  class space    used 1297K, capacity 1353K, committed 1408K, reserved 1048576K
}
Event: 37,094 GC heap before
{Heap before GC invocations=516 (full 0):
 PSYoungGen      total 65024K, used 64608K [0x00000007aab00000, 0x00000007b0400000, 0x00000007c0000000)
  eden space 64512K, 100% used [0x00000007aab00000,0x00000007aea00000,0x00000007aea00000)
  from space 512K, 18% used [0x00000007b0300000,0x00000007b0318000,0x00000007b0380000)
  to   space 512K, 0% used [0x00000007b0380000,0x00000007b0380000,0x00000007b0400000)
 ParOldGen       total 44032K, used 19011K [0x0000000780000000, 0x0000000782b00000, 0x00000007aab00000)
  object space 44032K, 43% used [0x0000000780000000,0x0000000781290cd0,0x0000000782b00000)
 Metaspace       used 10882K, capacity 11016K, committed 11136K, reserved 1058816K
  class space    used 1297K, capacity 1353K, committed 1408K, reserved 1048576K
Event: 37,095 GC heap after
Heap after GC invocations=516 (full 0):
 PSYoungGen      total 62464K, used 352K [0x00000007aab00000, 0x00000007b0400000, 0x00000007c0000000)
  eden space 61952K, 0% used [0x00000007aab00000,0x00000007aab00000,0x00000007ae780000)
  from space 512K, 68% used [0x00000007b0380000,0x00000007b03d8000,0x00000007b0400000)
  to   space 512K, 0% used [0x00000007b0300000,0x00000007b0300000,0x00000007b0380000)
 ParOldGen       total 44032K, used 19011K [0x0000000780000000, 0x0000000782b00000, 0x00000007aab00000)
  object space 44032K, 43% used [0x0000000780000000,0x0000000781290cd0,0x0000000782b00000)
 Metaspace       used 10882K, capacity 11016K, committed 11136K, reserved 1058816K
  class space    used 1297K, capacity 1353K, committed 1408K, reserved 1048576K
}
Event: 37,157 GC heap before
{Heap before GC invocations=517 (full 0):
 PSYoungGen      total 62464K, used 62304K [0x00000007aab00000, 0x00000007b0400000, 0x00000007c0000000)
  eden space 61952K, 100% used [0x00000007aab00000,0x00000007ae780000,0x00000007ae780000)
  from space 512K, 68% used [0x00000007b0380000,0x00000007b03d8000,0x00000007b0400000)
  to   space 512K, 0% used [0x00000007b0300000,0x00000007b0300000,0x00000007b0380000)
 ParOldGen       total 44032K, used 19011K [0x0000000780000000, 0x0000000782b00000, 0x00000007aab00000)
  object space 44032K, 43% used [0x0000000780000000,0x0000000781290cd0,0x0000000782b00000)
 Metaspace       used 10882K, capacity 11016K, committed 11136K, reserved 1058816K
  class space    used 1297K, capacity 1353K, committed 1408K, reserved 1048576K
Event: 37,158 GC heap after
Heap after GC invocations=517 (full 0):
 PSYoungGen      total 60416K, used 160K [0x00000007aab00000, 0x00000007b0400000, 0x00000007c0000000)
  eden space 59904K, 0% used [0x00000007aab00000,0x00000007aab00000,0x00000007ae580000)
  from space 512K, 31% used [0x00000007b0300000,0x00000007b0328000,0x00000007b0380000)
  to   space 512K, 0% used [0x00000007b0380000,0x00000007b0380000,0x00000007b0400000)
 ParOldGen       total 44032K, used 19011K [0x0000000780000000, 0x0000000782b00000, 0x00000007aab00000)
  object space 44032K, 43% used [0x0000000780000000,0x0000000781290cd0,0x0000000782b00000)
 Metaspace       used 10882K, capacity 11016K, committed 11136K, reserved 1058816K
  class space    used 1297K, capacity 1353K, committed 1408K, reserved 1048576K
}
Event: 37,223 GC heap before
{Heap before GC invocations=518 (full 0):
 PSYoungGen      total 60416K, used 60064K [0x00000007aab00000, 0x00000007b0400000, 0x00000007c0000000)
  eden space 59904K, 100% used [0x00000007aab00000,0x00000007ae580000,0x00000007ae580000)
  from space 512K, 31% used [0x00000007b0300000,0x00000007b0328000,0x00000007b0380000)
  to   space 512K, 0% used [0x00000007b0380000,0x00000007b0380000,0x00000007b0400000)
 ParOldGen       total 44032K, used 19011K [0x0000000780000000, 0x0000000782b00000, 0x00000007aab00000)
  object space 44032K, 43% used [0x0000000780000000,0x0000000781290cd0,0x0000000782b00000)
 Metaspace       used 10882K, capacity 11016K, committed 11136K, reserved 1058816K
  class space    used 1297K, capacity 1353K, committed 1408K, reserved 1048576K
Event: 37,223 GC heap after
Heap after GC invocations=518 (full 0):
 PSYoungGen      total 58368K, used 160K [0x00000007aab00000, 0x00000007b0400000, 0x00000007c0000000)
  eden space 57856K, 0% used [0x00000007aab00000,0x00000007aab00000,0x00000007ae380000)
  from space 512K, 31% used [0x00000007b0380000,0x00000007b03a8000,0x00000007b0400000)
  to   space 512K, 0% used [0x00000007b0300000,0x00000007b0300000,0x00000007b0380000)
 ParOldGen       total 44032K, used 19011K [0x0000000780000000, 0x0000000782b00000, 0x00000007aab00000)
  object space 44032K, 43% used [0x0000000780000000,0x0000000781290cd0,0x0000000782b00000)
 Metaspace       used 10882K, capacity 11016K, committed 11136K, reserved 1058816K
  class space    used 1297K, capacity 1353K, committed 1408K, reserved 1048576K
}

