# JRE version: Java(TM) SE Runtime Environment (8.0_60-b27) (build 1.8.0_60-b27)
# Java VM: Java HotSpot(TM) 64-Bit Server VM (25.60-b23 mixed mode bsd-amd64 compressed oops)
Heap:
 PSYoungGen      total 110080K, used 66550K [0x00000007aab00000, 0x00000007b4200000, 0x00000007c0000000)
  eden space 109568K, 60% used [0x00000007aab00000,0x00000007aebf5870,0x00000007b1600000)
  from space 512K, 6% used [0x00000007b4180000,0x00000007b4188000,0x00000007b4200000)
  to   space 512K, 0% used [0x00000007b4100000,0x00000007b4100000,0x00000007b4180000)
 ParOldGen       total 44032K, used 19824K [0x0000000780000000, 0x0000000782b00000, 0x00000007aab00000)
  object space 44032K, 45% used [0x0000000780000000,0x000000078135c3b8,0x0000000782b00000)
 Metaspace       used 10972K, capacity 11080K, committed 11136K, reserved 1058816K
  class space    used 1305K, capacity 1353K, committed 1408K, reserved 1048576K
GC Heap History (10 events):
Event: 50,692 GC heap before
{Heap before GC invocations=468 (full 0):
 PSYoungGen      total 54784K, used 54336K [0x00000007aab00000, 0x00000007b4200000, 0x00000007c0000000)
  eden space 54272K, 100% used [0x00000007aab00000,0x00000007ae000000,0x00000007ae000000)
  from space 512K, 12% used [0x00000007b4100000,0x00000007b4110000,0x00000007b4180000)
  to   space 512K, 0% used [0x00000007b4180000,0x00000007b4180000,0x00000007b4200000)
 ParOldGen       total 44032K, used 19824K [0x0000000780000000, 0x0000000782b00000, 0x00000007aab00000)
  object space 44032K, 45% used [0x0000000780000000,0x000000078135c3b8,0x0000000782b00000)
 Metaspace       used 10882K, capacity 11016K, committed 11136K, reserved 1058816K
  class space    used 1297K, capacity 1353K, committed 1408K, reserved 1048576K
Event: 50,693 GC heap after
Heap after GC invocations=468 (full 0):
 PSYoungGen      total 52736K, used 96K [0x00000007aab00000, 0x00000007b4200000, 0x00000007c0000000)
  eden space 52224K, 0% used [0x00000007aab00000,0x00000007aab00000,0x00000007ade00000)
  from space 512K, 18% used [0x00000007b4180000,0x00000007b4198000,0x00000007b4200000)
  to   space 512K, 0% used [0x00000007b4100000,0x00000007b4100000,0x00000007b4180000)
 ParOldGen       total 44032K, used 19824K [0x0000000780000000, 0x0000000782b00000, 0x00000007aab00000)
  object space 44032K, 45% used [0x0000000780000000,0x000000078135c3b8,0x0000000782b00000)
 Metaspace       used 10882K, capacity 11016K, committed 11136K, reserved 1058816K
  class space    used 1297K, capacity 1353K, committed 1408K, reserved 1048576K
}
Event: 50,832 GC heap before
{Heap before GC invocations=469 (full 0):
 PSYoungGen      total 52736K, used 52320K [0x00000007aab00000, 0x00000007b4200000, 0x00000007c0000000)
  eden space 52224K, 100% used [0x00000007aab00000,0x00000007ade00000,0x00000007ade00000)
  from space 512K, 18% used [0x00000007b4180000,0x00000007b4198000,0x00000007b4200000)
  to   space 512K, 0% used [0x00000007b4100000,0x00000007b4100000,0x00000007b4180000)
 ParOldGen       total 44032K, used 19824K [0x0000000780000000, 0x0000000782b00000, 0x00000007aab00000)
  object space 44032K, 45% used [0x0000000780000000,0x000000078135c3b8,0x0000000782b00000)
 Metaspace       used 10882K, capacity 11016K, committed 11136K, reserved 1058816K
  class space    used 1297K, capacity 1353K, committed 1408K, reserved 1048576K
Event: 50,842 GC heap after
Heap after GC invocations=469 (full 0):
 PSYoungGen      total 63488K, used 128K [0x00000007aab00000, 0x00000007b4200000, 0x00000007c0000000)
  eden space 62976K, 0% used [0x00000007aab00000,0x00000007aab00000,0x00000007ae880000)
  from space 512K, 25% used [0x00000007b4100000,0x00000007b4120000,0x00000007b4180000)
  to   space 512K, 0% used [0x00000007b4180000,0x00000007b4180000,0x00000007b4200000)
 ParOldGen       total 44032K, used 19824K [0x0000000780000000, 0x0000000782b00000, 0x00000007aab00000)
  object space 44032K, 45% used [0x0000000780000000,0x000000078135c3b8,0x0000000782b00000)
 Metaspace       used 10882K, capacity 11016K, committed 11136K, reserved 1058816K
  class space    used 1297K, capacity 1353K, committed 1408K, reserved 1048576K
}
Event: 51,011 GC heap before
{Heap before GC invocations=470 (full 0):
 PSYoungGen      total 63488K, used 63104K [0x00000007aab00000, 0x00000007b4200000, 0x00000007c0000000)
  eden space 62976K, 100% used [0x00000007aab00000,0x00000007ae880000,0x00000007ae880000)
  from space 512K, 25% used [0x00000007b4100000,0x00000007b4120000,0x00000007b4180000)
  to   space 512K, 0% used [0x00000007b4180000,0x00000007b4180000,0x00000007b4200000)
 ParOldGen       total 44032K, used 19824K [0x0000000780000000, 0x0000000782b00000, 0x00000007aab00000)
  object space 44032K, 45% used [0x0000000780000000,0x000000078135c3b8,0x0000000782b00000)
 Metaspace       used 10882K, capacity 11016K, committed 11136K, reserved 1058816K
  class space    used 1297K, capacity 1353K, committed 1408K, reserved 1048576K
Event: 51,012 GC heap after
Heap after GC invocations=470 (full 0):
 PSYoungGen      total 76288K, used 96K [0x00000007aab00000, 0x00000007b4200000, 0x00000007c0000000)
  eden space 75776K, 0% used [0x00000007aab00000,0x00000007aab00000,0x00000007af500000)
  from space 512K, 18% used [0x00000007b4180000,0x00000007b4198000,0x00000007b4200000)
  to   space 512K, 0% used [0x00000007b4100000,0x00000007b4100000,0x00000007b4180000)
 ParOldGen       total 44032K, used 19824K [0x0000000780000000, 0x0000000782b00000, 0x00000007aab00000)
  object space 44032K, 45% used [0x0000000780000000,0x000000078135c3b8,0x0000000782b00000)
 Metaspace       used 10882K, capacity 11016K, committed 11136K, reserved 1058816K
  class space    used 1297K, capacity 1353K, committed 1408K, reserved 1048576K
}
Event: 51,128 GC heap before
{Heap before GC invocations=471 (full 0):
 PSYoungGen      total 76288K, used 75872K [0x00000007aab00000, 0x00000007b4200000, 0x00000007c0000000)
  eden space 75776K, 100% used [0x00000007aab00000,0x00000007af500000,0x00000007af500000)
  from space 512K, 18% used [0x00000007b4180000,0x00000007b4198000,0x00000007b4200000)
  to   space 512K, 0% used [0x00000007b4100000,0x00000007b4100000,0x00000007b4180000)
 ParOldGen       total 44032K, used 19824K [0x0000000780000000, 0x0000000782b00000, 0x00000007aab00000)
  object space 44032K, 45% used [0x0000000780000000,0x000000078135c3b8,0x0000000782b00000)
 Metaspace       used 10882K, capacity 11016K, committed 11136K, reserved 1058816K
  class space    used 1297K, capacity 1353K, committed 1408K, reserved 1048576K
Event: 51,128 GC heap after
Heap after GC invocations=471 (full 0):
 PSYoungGen      total 91648K, used 96K [0x00000007aab00000, 0x00000007b4200000, 0x00000007c0000000)
  eden space 91136K, 0% used [0x00000007aab00000,0x00000007aab00000,0x00000007b0400000)
  from space 512K, 18% used [0x00000007b4100000,0x00000007b4118000,0x00000007b4180000)
  to   space 512K, 0% used [0x00000007b4180000,0x00000007b4180000,0x00000007b4200000)
 ParOldGen       total 44032K, used 19824K [0x0000000780000000, 0x0000000782b00000, 0x00000007aab00000)
  object space 44032K, 45% used [0x0000000780000000,0x000000078135c3b8,0x0000000782b00000)
 Metaspace       used 10882K, capacity 11016K, committed 11136K, reserved 1058816K
  class space    used 1297K, capacity 1353K, committed 1408K, reserved 1048576K
}
Event: 51,262 GC heap before
{Heap before GC invocations=472 (full 0):
 PSYoungGen      total 91648K, used 91232K [0x00000007aab00000, 0x00000007b4200000, 0x00000007c0000000)
  eden space 91136K, 100% used [0x00000007aab00000,0x00000007b0400000,0x00000007b0400000)
  from space 512K, 18% used [0x00000007b4100000,0x00000007b4118000,0x00000007b4180000)
  to   space 512K, 0% used [0x00000007b4180000,0x00000007b4180000,0x00000007b4200000)
 ParOldGen       total 44032K, used 19824K [0x0000000780000000, 0x0000000782b00000, 0x00000007aab00000)
  object space 44032K, 45% used [0x0000000780000000,0x000000078135c3b8,0x0000000782b00000)
 Metaspace       used 10882K, capacity 11016K, committed 11136K, reserved 1058816K
  class space    used 1297K, capacity 1353K, committed 1408K, reserved 1048576K
Event: 51,263 GC heap after
Heap after GC invocations=472 (full 0):
 PSYoungGen      total 110080K, used 32K [0x00000007aab00000, 0x00000007b4200000, 0x00000007c0000000)
  eden space 109568K, 0% used [0x00000007aab00000,0x00000007aab00000,0x00000007b1600000)
  from space 512K, 6% used [0x00000007b4180000,0x00000007b4188000,0x00000007b4200000)
  to   space 512K, 0% used [0x00000007b4100000,0x00000007b4100000,0x00000007b4180000)
 ParOldGen       total 44032K, used 19824K [0x0000000780000000, 0x0000000782b00000, 0x00000007aab00000)
  object space 44032K, 45% used [0x0000000780000000,0x000000078135c3b8,0x0000000782b00000)
 Metaspace       used 10882K, capacity 11016K, committed 11136K, reserved 1058816K
  class space    used 1297K, capacity 1353K, committed 1408K, reserved 1048576K
}

