# JRE version: Java(TM) SE Runtime Environment (8.0_60-b27) (build 1.8.0_60-b27)
# Java VM: Java HotSpot(TM) 64-Bit Server VM (25.60-b23 mixed mode bsd-amd64 compressed oops)
Heap:
 PSYoungGen      total 178688K, used 21476K [0x00000007aab00000, 0x00000007bfe80000, 0x00000007c0000000)
  eden space 178176K, 11% used [0x00000007aab00000,0x00000007abfe12c8,0x00000007b5900000)
  from space 512K, 18% used [0x00000007bfd80000,0x00000007bfd98000,0x00000007bfe00000)
  to   space 512K, 0% used [0x00000007bfe00000,0x00000007bfe00000,0x00000007bfe80000)
 ParOldGen       total 74752K, used 53446K [0x0000000780000000, 0x0000000784900000, 0x00000007aab00000)
  object space 74752K, 71% used [0x0000000780000000,0x0000000783431af8,0x0000000784900000)
 Metaspace       used 12383K, capacity 12552K, committed 12800K, reserved 1060864K
  class space    used 1424K, capacity 1481K, committed 1536K, reserved 1048576K
GC Heap History (10 events):
Event: 654,688 GC heap before
{Heap before GC invocations=1771 (full 2):
 PSYoungGen      total 172032K, used 171616K [0x00000007aab00000, 0x00000007bfe80000, 0x00000007c0000000)
  eden space 171520K, 100% used [0x00000007aab00000,0x00000007b5280000,0x00000007b5280000)
  from space 512K, 18% used [0x00000007bfe00000,0x00000007bfe18000,0x00000007bfe80000)
  to   space 512K, 0% used [0x00000007bfd80000,0x00000007bfd80000,0x00000007bfe00000)
 ParOldGen       total 74752K, used 53446K [0x0000000780000000, 0x0000000784900000, 0x00000007aab00000)
  object space 74752K, 71% used [0x0000000780000000,0x0000000783431af8,0x0000000784900000)
 Metaspace       used 12383K, capacity 12552K, committed 12800K, reserved 1060864K
  class space    used 1424K, capacity 1481K, committed 1536K, reserved 1048576K
Event: 654,689 GC heap after
Heap after GC invocations=1771 (full 2):
 PSYoungGen      total 165376K, used 160K [0x00000007aab00000, 0x00000007bfe80000, 0x00000007c0000000)
  eden space 164864K, 0% used [0x00000007aab00000,0x00000007aab00000,0x00000007b4c00000)
  from space 512K, 31% used [0x00000007bfd80000,0x00000007bfda8000,0x00000007bfe00000)
  to   space 512K, 0% used [0x00000007bfe00000,0x00000007bfe00000,0x00000007bfe80000)
 ParOldGen       total 74752K, used 53446K [0x0000000780000000, 0x0000000784900000, 0x00000007aab00000)
  object space 74752K, 71% used [0x0000000780000000,0x0000000783431af8,0x0000000784900000)
 Metaspace       used 12383K, capacity 12552K, committed 12800K, reserved 1060864K
  class space    used 1424K, capacity 1481K, committed 1536K, reserved 1048576K
}
Event: 654,869 GC heap before
{Heap before GC invocations=1772 (full 2):
 PSYoungGen      total 165376K, used 165024K [0x00000007aab00000, 0x00000007bfe80000, 0x00000007c0000000)
  eden space 164864K, 100% used [0x00000007aab00000,0x00000007b4c00000,0x00000007b4c00000)
  from space 512K, 31% used [0x00000007bfd80000,0x00000007bfda8000,0x00000007bfe00000)
  to   space 512K, 0% used [0x00000007bfe00000,0x00000007bfe00000,0x00000007bfe80000)
 ParOldGen       total 74752K, used 53446K [0x0000000780000000, 0x0000000784900000, 0x00000007aab00000)
  object space 74752K, 71% used [0x0000000780000000,0x0000000783431af8,0x0000000784900000)
 Metaspace       used 12383K, capacity 12552K, committed 12800K, reserved 1060864K
  class space    used 1424K, capacity 1481K, committed 1536K, reserved 1048576K
Event: 654,869 GC heap after
Heap after GC invocations=1772 (full 2):
 PSYoungGen      total 158720K, used 192K [0x00000007aab00000, 0x00000007bfe80000, 0x00000007c0000000)
  eden space 158208K, 0% used [0x00000007aab00000,0x00000007aab00000,0x00000007b4580000)
  from space 512K, 37% used [0x00000007bfe00000,0x00000007bfe30000,0x00000007bfe80000)
  to   space 512K, 0% used [0x00000007bfd80000,0x00000007bfd80000,0x00000007bfe00000)
 ParOldGen       total 74752K, used 53446K [0x0000000780000000, 0x0000000784900000, 0x00000007aab00000)
  object space 74752K, 71% used [0x0000000780000000,0x0000000783431af8,0x0000000784900000)
 Metaspace       used 12383K, capacity 12552K, committed 12800K, reserved 1060864K
  class space    used 1424K, capacity 1481K, committed 1536K, reserved 1048576K
}
Event: 655,027 GC heap before
{Heap before GC invocations=1773 (full 2):
 PSYoungGen      total 158720K, used 158400K [0x00000007aab00000, 0x00000007bfe80000, 0x00000007c0000000)
  eden space 158208K, 100% used [0x00000007aab00000,0x00000007b4580000,0x00000007b4580000)
  from space 512K, 37% used [0x00000007bfe00000,0x00000007bfe30000,0x00000007bfe80000)
  to   space 512K, 0% used [0x00000007bfd80000,0x00000007bfd80000,0x00000007bfe00000)
 ParOldGen       total 74752K, used 53446K [0x0000000780000000, 0x0000000784900000, 0x00000007aab00000)
  object space 74752K, 71% used [0x0000000780000000,0x0000000783431af8,0x0000000784900000)
 Metaspace       used 12383K, capacity 12552K, committed 12800K, reserved 1060864K
  class space    used 1424K, capacity 1481K, committed 1536K, reserved 1048576K
Event: 655,028 GC heap after
Heap after GC invocations=1773 (full 2):
 PSYoungGen      total 152576K, used 96K [0x00000007aab00000, 0x00000007bfe80000, 0x00000007c0000000)
  eden space 152064K, 0% used [0x00000007aab00000,0x00000007aab00000,0x00000007b3f80000)
  from space 512K, 18% used [0x00000007bfd80000,0x00000007bfd98000,0x00000007bfe00000)
  to   space 512K, 0% used [0x00000007bfe00000,0x00000007bfe00000,0x00000007bfe80000)
 ParOldGen       total 74752K, used 53446K [0x0000000780000000, 0x0000000784900000, 0x00000007aab00000)
  object space 74752K, 71% used [0x0000000780000000,0x0000000783431af8,0x0000000784900000)
 Metaspace       used 12383K, capacity 12552K, committed 12800K, reserved 1060864K
  class space    used 1424K, capacity 1481K, committed 1536K, reserved 1048576K
}
Event: 655,173 GC heap before
{Heap before GC invocations=1774 (full 2):
 PSYoungGen      total 152576K, used 152160K [0x00000007aab00000, 0x00000007bfe80000, 0x00000007c0000000)
  eden space 152064K, 100% used [0x00000007aab00000,0x00000007b3f80000,0x00000007b3f80000)
  from space 512K, 18% used [0x00000007bfd80000,0x00000007bfd98000,0x00000007bfe00000)
  to   space 512K, 0% used [0x00000007bfe00000,0x00000007bfe00000,0x00000007bfe80000)
 ParOldGen       total 74752K, used 53446K [0x0000000780000000, 0x0000000784900000, 0x00000007aab00000)
  object space 74752K, 71% used [0x0000000780000000,0x0000000783431af8,0x0000000784900000)
 Metaspace       used 12383K, capacity 12552K, committed 12800K, reserved 1060864K
  class space    used 1424K, capacity 1481K, committed 1536K, reserved 1048576K
Event: 655,174 GC heap after
Heap after GC invocations=1774 (full 2):
 PSYoungGen      total 165376K, used 192K [0x00000007aab00000, 0x00000007bfe80000, 0x00000007c0000000)
  eden space 164864K, 0% used [0x00000007aab00000,0x00000007aab00000,0x00000007b4c00000)
  from space 512K, 37% used [0x00000007bfe00000,0x00000007bfe30000,0x00000007bfe80000)
  to   space 512K, 0% used [0x00000007bfd80000,0x00000007bfd80000,0x00000007bfe00000)
 ParOldGen       total 74752K, used 53446K [0x0000000780000000, 0x0000000784900000, 0x00000007aab00000)
  object space 74752K, 71% used [0x0000000780000000,0x0000000783431af8,0x0000000784900000)
 Metaspace       used 12383K, capacity 12552K, committed 12800K, reserved 1060864K
  class space    used 1424K, capacity 1481K, committed 1536K, reserved 1048576K
}
Event: 655,327 GC heap before
{Heap before GC invocations=1775 (full 2):
 PSYoungGen      total 165376K, used 165056K [0x00000007aab00000, 0x00000007bfe80000, 0x00000007c0000000)
  eden space 164864K, 100% used [0x00000007aab00000,0x00000007b4c00000,0x00000007b4c00000)
  from space 512K, 37% used [0x00000007bfe00000,0x00000007bfe30000,0x00000007bfe80000)
  to   space 512K, 0% used [0x00000007bfd80000,0x00000007bfd80000,0x00000007bfe00000)
 ParOldGen       total 74752K, used 53446K [0x0000000780000000, 0x0000000784900000, 0x00000007aab00000)
  object space 74752K, 71% used [0x0000000780000000,0x0000000783431af8,0x0000000784900000)
 Metaspace       used 12383K, capacity 12552K, committed 12800K, reserved 1060864K
  class space    used 1424K, capacity 1481K, committed 1536K, reserved 1048576K
Event: 655,328 GC heap after
Heap after GC invocations=1775 (full 2):
 PSYoungGen      total 178688K, used 96K [0x00000007aab00000, 0x00000007bfe80000, 0x00000007c0000000)
  eden space 178176K, 0% used [0x00000007aab00000,0x00000007aab00000,0x00000007b5900000)
  from space 512K, 18% used [0x00000007bfd80000,0x00000007bfd98000,0x00000007bfe00000)
  to   space 512K, 0% used [0x00000007bfe00000,0x00000007bfe00000,0x00000007bfe80000)
 ParOldGen       total 74752K, used 53446K [0x0000000780000000, 0x0000000784900000, 0x00000007aab00000)
  object space 74752K, 71% used [0x0000000780000000,0x0000000783431af8,0x0000000784900000)
 Metaspace       used 12383K, capacity 12552K, committed 12800K, reserved 1060864K
  class space    used 1424K, capacity 1481K, committed 1536K, reserved 1048576K
}

