# JRE version: Java(TM) SE Runtime Environment (8.0_60-b27) (build 1.8.0_60-b27)
# Java VM: Java HotSpot(TM) 64-Bit Server VM (25.60-b23 mixed mode bsd-amd64 compressed oops)
Heap:
 PSYoungGen      total 46080K, used 26556K [0x00000007aab00000, 0x00000007b2300000, 0x00000007c0000000)
  eden space 45568K, 57% used [0x00000007aab00000,0x00000007ac4cf320,0x00000007ad780000)
  from space 512K, 25% used [0x00000007b2200000,0x00000007b2220000,0x00000007b2280000)
  to   space 512K, 0% used [0x00000007b2280000,0x00000007b2280000,0x00000007b2300000)
 ParOldGen       total 44032K, used 20543K [0x0000000780000000, 0x0000000782b00000, 0x00000007aab00000)
  object space 44032K, 46% used [0x0000000780000000,0x000000078140fcb0,0x0000000782b00000)
 Metaspace       used 10947K, capacity 11080K, committed 11136K, reserved 1058816K
  class space    used 1302K, capacity 1353K, committed 1408K, reserved 1048576K
GC Heap History (10 events):
Event: 1274,250 GC heap before
{Heap before GC invocations=517 (full 0):
 PSYoungGen      total 53760K, used 53344K [0x00000007aab00000, 0x00000007b2300000, 0x00000007c0000000)
  eden space 53248K, 100% used [0x00000007aab00000,0x00000007adf00000,0x00000007adf00000)
  from space 512K, 18% used [0x00000007b2280000,0x00000007b2298000,0x00000007b2300000)
  to   space 512K, 0% used [0x00000007b2200000,0x00000007b2200000,0x00000007b2280000)
 ParOldGen       total 44032K, used 20543K [0x0000000780000000, 0x0000000782b00000, 0x00000007aab00000)
  object space 44032K, 46% used [0x0000000780000000,0x000000078140fcb0,0x0000000782b00000)
 Metaspace       used 10895K, capacity 11016K, committed 11136K, reserved 1058816K
  class space    used 1297K, capacity 1353K, committed 1408K, reserved 1048576K
Event: 1274,251 GC heap after
Heap after GC invocations=517 (full 0):
 PSYoungGen      total 52224K, used 128K [0x00000007aab00000, 0x00000007b2300000, 0x00000007c0000000)
  eden space 51712K, 0% used [0x00000007aab00000,0x00000007aab00000,0x00000007add80000)
  from space 512K, 25% used [0x00000007b2200000,0x00000007b2220000,0x00000007b2280000)
  to   space 512K, 0% used [0x00000007b2280000,0x00000007b2280000,0x00000007b2300000)
 ParOldGen       total 44032K, used 20543K [0x0000000780000000, 0x0000000782b00000, 0x00000007aab00000)
  object space 44032K, 46% used [0x0000000780000000,0x000000078140fcb0,0x0000000782b00000)
 Metaspace       used 10895K, capacity 11016K, committed 11136K, reserved 1058816K
  class space    used 1297K, capacity 1353K, committed 1408K, reserved 1048576K
}
Event: 1274,311 GC heap before
{Heap before GC invocations=518 (full 0):
 PSYoungGen      total 52224K, used 51840K [0x00000007aab00000, 0x00000007b2300000, 0x00000007c0000000)
  eden space 51712K, 100% used [0x00000007aab00000,0x00000007add80000,0x00000007add80000)
  from space 512K, 25% used [0x00000007b2200000,0x00000007b2220000,0x00000007b2280000)
  to   space 512K, 0% used [0x00000007b2280000,0x00000007b2280000,0x00000007b2300000)
 ParOldGen       total 44032K, used 20543K [0x0000000780000000, 0x0000000782b00000, 0x00000007aab00000)
  object space 44032K, 46% used [0x0000000780000000,0x000000078140fcb0,0x0000000782b00000)
 Metaspace       used 10895K, capacity 11016K, committed 11136K, reserved 1058816K
  class space    used 1297K, capacity 1353K, committed 1408K, reserved 1048576K
Event: 1274,311 GC heap after
Heap after GC invocations=518 (full 0):
 PSYoungGen      total 50688K, used 224K [0x00000007aab00000, 0x00000007b2300000, 0x00000007c0000000)
  eden space 50176K, 0% used [0x00000007aab00000,0x00000007aab00000,0x00000007adc00000)
  from space 512K, 43% used [0x00000007b2280000,0x00000007b22b8000,0x00000007b2300000)
  to   space 512K, 0% used [0x00000007b2200000,0x00000007b2200000,0x00000007b2280000)
 ParOldGen       total 44032K, used 20543K [0x0000000780000000, 0x0000000782b00000, 0x00000007aab00000)
  object space 44032K, 46% used [0x0000000780000000,0x000000078140fcb0,0x0000000782b00000)
 Metaspace       used 10895K, capacity 11016K, committed 11136K, reserved 1058816K
  class space    used 1297K, capacity 1353K, committed 1408K, reserved 1048576K
}
Event: 1274,363 GC heap before
{Heap before GC invocations=519 (full 0):
 PSYoungGen      total 50688K, used 50400K [0x00000007aab00000, 0x00000007b2300000, 0x00000007c0000000)
  eden space 50176K, 100% used [0x00000007aab00000,0x00000007adc00000,0x00000007adc00000)
  from space 512K, 43% used [0x00000007b2280000,0x00000007b22b8000,0x00000007b2300000)
  to   space 512K, 0% used [0x00000007b2200000,0x00000007b2200000,0x00000007b2280000)
 ParOldGen       total 44032K, used 20543K [0x0000000780000000, 0x0000000782b00000, 0x00000007aab00000)
  object space 44032K, 46% used [0x0000000780000000,0x000000078140fcb0,0x0000000782b00000)
 Metaspace       used 10895K, capacity 11016K, committed 11136K, reserved 1058816K
  class space    used 1297K, capacity 1353K, committed 1408K, reserved 1048576K
Event: 1274,363 GC heap after
Heap after GC invocations=519 (full 0):
 PSYoungGen      total 49152K, used 224K [0x00000007aab00000, 0x00000007b2300000, 0x00000007c0000000)
  eden space 48640K, 0% used [0x00000007aab00000,0x00000007aab00000,0x00000007ada80000)
  from space 512K, 43% used [0x00000007b2200000,0x00000007b2238000,0x00000007b2280000)
  to   space 512K, 0% used [0x00000007b2280000,0x00000007b2280000,0x00000007b2300000)
 ParOldGen       total 44032K, used 20543K [0x0000000780000000, 0x0000000782b00000, 0x00000007aab00000)
  object space 44032K, 46% used [0x0000000780000000,0x000000078140fcb0,0x0000000782b00000)
 Metaspace       used 10895K, capacity 11016K, committed 11136K, reserved 1058816K
  class space    used 1297K, capacity 1353K, committed 1408K, reserved 1048576K
}
Event: 1274,416 GC heap before
{Heap before GC invocations=520 (full 0):
 PSYoungGen      total 49152K, used 48864K [0x00000007aab00000, 0x00000007b2300000, 0x00000007c0000000)
  eden space 48640K, 100% used [0x00000007aab00000,0x00000007ada80000,0x00000007ada80000)
  from space 512K, 43% used [0x00000007b2200000,0x00000007b2238000,0x00000007b2280000)
  to   space 512K, 0% used [0x00000007b2280000,0x00000007b2280000,0x00000007b2300000)
 ParOldGen       total 44032K, used 20543K [0x0000000780000000, 0x0000000782b00000, 0x00000007aab00000)
  object space 44032K, 46% used [0x0000000780000000,0x000000078140fcb0,0x0000000782b00000)
 Metaspace       used 10895K, capacity 11016K, committed 11136K, reserved 1058816K
  class space    used 1297K, capacity 1353K, committed 1408K, reserved 1048576K
Event: 1274,417 GC heap after
Heap after GC invocations=520 (full 0):
 PSYoungGen      total 47616K, used 96K [0x00000007aab00000, 0x00000007b2300000, 0x00000007c0000000)
  eden space 47104K, 0% used [0x00000007aab00000,0x00000007aab00000,0x00000007ad900000)
  from space 512K, 18% used [0x00000007b2280000,0x00000007b2298000,0x00000007b2300000)
  to   space 512K, 0% used [0x00000007b2200000,0x00000007b2200000,0x00000007b2280000)
 ParOldGen       total 44032K, used 20543K [0x0000000780000000, 0x0000000782b00000, 0x00000007aab00000)
  object space 44032K, 46% used [0x0000000780000000,0x000000078140fcb0,0x0000000782b00000)
 Metaspace       used 10895K, capacity 11016K, committed 11136K, reserved 1058816K
  class space    used 1297K, capacity 1353K, committed 1408K, reserved 1048576K
}
Event: 1274,470 GC heap before
{Heap before GC invocations=521 (full 0):
 PSYoungGen      total 47616K, used 47200K [0x00000007aab00000, 0x00000007b2300000, 0x00000007c0000000)
  eden space 47104K, 100% used [0x00000007aab00000,0x00000007ad900000,0x00000007ad900000)
  from space 512K, 18% used [0x00000007b2280000,0x00000007b2298000,0x00000007b2300000)
  to   space 512K, 0% used [0x00000007b2200000,0x00000007b2200000,0x00000007b2280000)
 ParOldGen       total 44032K, used 20543K [0x0000000780000000, 0x0000000782b00000, 0x00000007aab00000)
  object space 44032K, 46% used [0x0000000780000000,0x000000078140fcb0,0x0000000782b00000)
 Metaspace       used 10895K, capacity 11016K, committed 11136K, reserved 1058816K
  class space    used 1297K, capacity 1353K, committed 1408K, reserved 1048576K
Event: 1274,470 GC heap after
Heap after GC invocations=521 (full 0):
 PSYoungGen      total 46080K, used 128K [0x00000007aab00000, 0x00000007b2300000, 0x00000007c0000000)
  eden space 45568K, 0% used [0x00000007aab00000,0x00000007aab00000,0x00000007ad780000)
  from space 512K, 25% used [0x00000007b2200000,0x00000007b2220000,0x00000007b2280000)
  to   space 512K, 0% used [0x00000007b2280000,0x00000007b2280000,0x00000007b2300000)
 ParOldGen       total 44032K, used 20543K [0x0000000780000000, 0x0000000782b00000, 0x00000007aab00000)
  object space 44032K, 46% used [0x0000000780000000,0x000000078140fcb0,0x0000000782b00000)
 Metaspace       used 10895K, capacity 11016K, committed 11136K, reserved 1058816K
  class space    used 1297K, capacity 1353K, committed 1408K, reserved 1048576K
}

