# JRE version: Java(TM) SE Runtime Environment (8.0_60-b27) (build 1.8.0_60-b27)
# Java VM: Java HotSpot(TM) 64-Bit Server VM (25.60-b23 mixed mode bsd-amd64 compressed oops)
Heap:
 PSYoungGen      total 39936K, used 35555K [0x00000007aab00000, 0x00000007b4680000, 0x00000007c0000000)
  eden space 39424K, 90% used [0x00000007aab00000,0x00000007acda8f20,0x00000007ad180000)
  from space 512K, 12% used [0x00000007b4600000,0x00000007b4610000,0x00000007b4680000)
  to   space 512K, 0% used [0x00000007b4580000,0x00000007b4580000,0x00000007b4600000)
 ParOldGen       total 44032K, used 19088K [0x0000000780000000, 0x0000000782b00000, 0x00000007aab00000)
  object space 44032K, 43% used [0x0000000780000000,0x00000007812a4060,0x0000000782b00000)
 Metaspace       used 10881K, capacity 11016K, committed 11136K, reserved 1058816K
  class space    used 1297K, capacity 1353K, committed 1408K, reserved 1048576K
GC Heap History (10 events):
Event: 58,501 GC heap before
{Heap before GC invocations=396 (full 0):
 PSYoungGen      total 46080K, used 45696K [0x00000007aab00000, 0x00000007b4680000, 0x00000007c0000000)
  eden space 45568K, 100% used [0x00000007aab00000,0x00000007ad780000,0x00000007ad780000)
  from space 512K, 25% used [0x00000007b4580000,0x00000007b45a0000,0x00000007b4600000)
  to   space 512K, 0% used [0x00000007b4600000,0x00000007b4600000,0x00000007b4680000)
 ParOldGen       total 44032K, used 19088K [0x0000000780000000, 0x0000000782b00000, 0x00000007aab00000)
  object space 44032K, 43% used [0x0000000780000000,0x00000007812a4060,0x0000000782b00000)
 Metaspace       used 10881K, capacity 11016K, committed 11136K, reserved 1058816K
  class space    used 1297K, capacity 1353K, committed 1408K, reserved 1048576K
Event: 58,501 GC heap after
Heap after GC invocations=396 (full 0):
 PSYoungGen      total 44544K, used 192K [0x00000007aab00000, 0x00000007b4680000, 0x00000007c0000000)
  eden space 44032K, 0% used [0x00000007aab00000,0x00000007aab00000,0x00000007ad600000)
  from space 512K, 37% used [0x00000007b4600000,0x00000007b4630000,0x00000007b4680000)
  to   space 512K, 0% used [0x00000007b4580000,0x00000007b4580000,0x00000007b4600000)
 ParOldGen       total 44032K, used 19088K [0x0000000780000000, 0x0000000782b00000, 0x00000007aab00000)
  object space 44032K, 43% used [0x0000000780000000,0x00000007812a4060,0x0000000782b00000)
 Metaspace       used 10881K, capacity 11016K, committed 11136K, reserved 1058816K
  class space    used 1297K, capacity 1353K, committed 1408K, reserved 1048576K
}
Event: 58,580 GC heap before
{Heap before GC invocations=397 (full 0):
 PSYoungGen      total 44544K, used 44224K [0x00000007aab00000, 0x00000007b4680000, 0x00000007c0000000)
  eden space 44032K, 100% used [0x00000007aab00000,0x00000007ad600000,0x00000007ad600000)
  from space 512K, 37% used [0x00000007b4600000,0x00000007b4630000,0x00000007b4680000)
  to   space 512K, 0% used [0x00000007b4580000,0x00000007b4580000,0x00000007b4600000)
 ParOldGen       total 44032K, used 19088K [0x0000000780000000, 0x0000000782b00000, 0x00000007aab00000)
  object space 44032K, 43% used [0x0000000780000000,0x00000007812a4060,0x0000000782b00000)
 Metaspace       used 10881K, capacity 11016K, committed 11136K, reserved 1058816K
  class space    used 1297K, capacity 1353K, committed 1408K, reserved 1048576K
Event: 58,581 GC heap after
Heap after GC invocations=397 (full 0):
 PSYoungGen      total 43008K, used 224K [0x00000007aab00000, 0x00000007b4680000, 0x00000007c0000000)
  eden space 42496K, 0% used [0x00000007aab00000,0x00000007aab00000,0x00000007ad480000)
  from space 512K, 43% used [0x00000007b4580000,0x00000007b45b8000,0x00000007b4600000)
  to   space 512K, 0% used [0x00000007b4600000,0x00000007b4600000,0x00000007b4680000)
 ParOldGen       total 44032K, used 19088K [0x0000000780000000, 0x0000000782b00000, 0x00000007aab00000)
  object space 44032K, 43% used [0x0000000780000000,0x00000007812a4060,0x0000000782b00000)
 Metaspace       used 10881K, capacity 11016K, committed 11136K, reserved 1058816K
  class space    used 1297K, capacity 1353K, committed 1408K, reserved 1048576K
}
Event: 58,653 GC heap before
{Heap before GC invocations=398 (full 0):
 PSYoungGen      total 43008K, used 42720K [0x00000007aab00000, 0x00000007b4680000, 0x00000007c0000000)
  eden space 42496K, 100% used [0x00000007aab00000,0x00000007ad480000,0x00000007ad480000)
  from space 512K, 43% used [0x00000007b4580000,0x00000007b45b8000,0x00000007b4600000)
  to   space 512K, 0% used [0x00000007b4600000,0x00000007b4600000,0x00000007b4680000)
 ParOldGen       total 44032K, used 19088K [0x0000000780000000, 0x0000000782b00000, 0x00000007aab00000)
  object space 44032K, 43% used [0x0000000780000000,0x00000007812a4060,0x0000000782b00000)
 Metaspace       used 10881K, capacity 11016K, committed 11136K, reserved 1058816K
  class space    used 1297K, capacity 1353K, committed 1408K, reserved 1048576K
Event: 58,654 GC heap after
Heap after GC invocations=398 (full 0):
 PSYoungGen      total 41984K, used 96K [0x00000007aab00000, 0x00000007b4680000, 0x00000007c0000000)
  eden space 41472K, 0% used [0x00000007aab00000,0x00000007aab00000,0x00000007ad380000)
  from space 512K, 18% used [0x00000007b4600000,0x00000007b4618000,0x00000007b4680000)
  to   space 512K, 0% used [0x00000007b4580000,0x00000007b4580000,0x00000007b4600000)
 ParOldGen       total 44032K, used 19088K [0x0000000780000000, 0x0000000782b00000, 0x00000007aab00000)
  object space 44032K, 43% used [0x0000000780000000,0x00000007812a4060,0x0000000782b00000)
 Metaspace       used 10881K, capacity 11016K, committed 11136K, reserved 1058816K
  class space    used 1297K, capacity 1353K, committed 1408K, reserved 1048576K
}
Event: 58,786 GC heap before
{Heap before GC invocations=399 (full 0):
 PSYoungGen      total 41984K, used 41568K [0x00000007aab00000, 0x00000007b4680000, 0x00000007c0000000)
  eden space 41472K, 100% used [0x00000007aab00000,0x00000007ad380000,0x00000007ad380000)
  from space 512K, 18% used [0x00000007b4600000,0x00000007b4618000,0x00000007b4680000)
  to   space 512K, 0% used [0x00000007b4580000,0x00000007b4580000,0x00000007b4600000)
 ParOldGen       total 44032K, used 19088K [0x0000000780000000, 0x0000000782b00000, 0x00000007aab00000)
  object space 44032K, 43% used [0x0000000780000000,0x00000007812a4060,0x0000000782b00000)
 Metaspace       used 10881K, capacity 11016K, committed 11136K, reserved 1058816K
  class space    used 1297K, capacity 1353K, committed 1408K, reserved 1048576K
Event: 58,787 GC heap after
Heap after GC invocations=399 (full 0):
 PSYoungGen      total 40960K, used 32K [0x00000007aab00000, 0x00000007b4680000, 0x00000007c0000000)
  eden space 40448K, 0% used [0x00000007aab00000,0x00000007aab00000,0x00000007ad280000)
  from space 512K, 6% used [0x00000007b4580000,0x00000007b4588000,0x00000007b4600000)
  to   space 512K, 0% used [0x00000007b4600000,0x00000007b4600000,0x00000007b4680000)
 ParOldGen       total 44032K, used 19088K [0x0000000780000000, 0x0000000782b00000, 0x00000007aab00000)
  object space 44032K, 43% used [0x0000000780000000,0x00000007812a4060,0x0000000782b00000)
 Metaspace       used 10881K, capacity 11016K, committed 11136K, reserved 1058816K
  class space    used 1297K, capacity 1353K, committed 1408K, reserved 1048576K
}
Event: 58,920 GC heap before
{Heap before GC invocations=400 (full 0):
 PSYoungGen      total 40960K, used 40480K [0x00000007aab00000, 0x00000007b4680000, 0x00000007c0000000)
  eden space 40448K, 100% used [0x00000007aab00000,0x00000007ad280000,0x00000007ad280000)
  from space 512K, 6% used [0x00000007b4580000,0x00000007b4588000,0x00000007b4600000)
  to   space 512K, 0% used [0x00000007b4600000,0x00000007b4600000,0x00000007b4680000)
 ParOldGen       total 44032K, used 19088K [0x0000000780000000, 0x0000000782b00000, 0x00000007aab00000)
  object space 44032K, 43% used [0x0000000780000000,0x00000007812a4060,0x0000000782b00000)
 Metaspace       used 10881K, capacity 11016K, committed 11136K, reserved 1058816K
  class space    used 1297K, capacity 1353K, committed 1408K, reserved 1048576K
Event: 58,921 GC heap after
Heap after GC invocations=400 (full 0):
 PSYoungGen      total 39936K, used 64K [0x00000007aab00000, 0x00000007b4680000, 0x00000007c0000000)
  eden space 39424K, 0% used [0x00000007aab00000,0x00000007aab00000,0x00000007ad180000)
  from space 512K, 12% used [0x00000007b4600000,0x00000007b4610000,0x00000007b4680000)
  to   space 512K, 0% used [0x00000007b4580000,0x00000007b4580000,0x00000007b4600000)
 ParOldGen       total 44032K, used 19088K [0x0000000780000000, 0x0000000782b00000, 0x00000007aab00000)
  object space 44032K, 43% used [0x0000000780000000,0x00000007812a4060,0x0000000782b00000)
 Metaspace       used 10881K, capacity 11016K, committed 11136K, reserved 1058816K
  class space    used 1297K, capacity 1353K, committed 1408K, reserved 1048576K
}

