# JRE version: Java(TM) SE Runtime Environment (8.0_60-b27) (build 1.8.0_60-b27)
# Java VM: Java HotSpot(TM) 64-Bit Server VM (25.60-b23 mixed mode bsd-amd64 compressed oops)
Heap:
 PSYoungGen      total 66560K, used 23877K [0x00000007aab00000, 0x00000007bcd00000, 0x00000007c0000000)
  eden space 66048K, 36% used [0x00000007aab00000,0x00000007ac239410,0x00000007aeb80000)
  from space 512K, 18% used [0x00000007bcc80000,0x00000007bcc98000,0x00000007bcd00000)
  to   space 512K, 0% used [0x00000007bcc00000,0x00000007bcc00000,0x00000007bcc80000)
 ParOldGen       total 87552K, used 63438K [0x0000000780000000, 0x0000000785580000, 0x00000007aab00000)
  object space 87552K, 72% used [0x0000000780000000,0x0000000783df3990,0x0000000785580000)
 Metaspace       used 12350K, capacity 12488K, committed 12544K, reserved 1060864K
  class space    used 1424K, capacity 1481K, committed 1536K, reserved 1048576K
GC Heap History (10 events):
Event: 345,286 GC heap before
{Heap before GC invocations=1606 (full 2):
 PSYoungGen      total 77824K, used 77440K [0x00000007aab00000, 0x00000007bcd00000, 0x00000007c0000000)
  eden space 77312K, 100% used [0x00000007aab00000,0x00000007af680000,0x00000007af680000)
  from space 512K, 25% used [0x00000007bcc00000,0x00000007bcc20000,0x00000007bcc80000)
  to   space 512K, 0% used [0x00000007bcc80000,0x00000007bcc80000,0x00000007bcd00000)
 ParOldGen       total 87552K, used 63438K [0x0000000780000000, 0x0000000785580000, 0x00000007aab00000)
  object space 87552K, 72% used [0x0000000780000000,0x0000000783df3990,0x0000000785580000)
 Metaspace       used 12350K, capacity 12488K, committed 12544K, reserved 1060864K
  class space    used 1424K, capacity 1481K, committed 1536K, reserved 1048576K
Event: 345,286 GC heap after
Heap after GC invocations=1606 (full 2):
 PSYoungGen      total 75264K, used 160K [0x00000007aab00000, 0x00000007bcd00000, 0x00000007c0000000)
  eden space 74752K, 0% used [0x00000007aab00000,0x00000007aab00000,0x00000007af400000)
  from space 512K, 31% used [0x00000007bcc80000,0x00000007bcca8000,0x00000007bcd00000)
  to   space 512K, 0% used [0x00000007bcc00000,0x00000007bcc00000,0x00000007bcc80000)
 ParOldGen       total 87552K, used 63438K [0x0000000780000000, 0x0000000785580000, 0x00000007aab00000)
  object space 87552K, 72% used [0x0000000780000000,0x0000000783df3990,0x0000000785580000)
 Metaspace       used 12350K, capacity 12488K, committed 12544K, reserved 1060864K
  class space    used 1424K, capacity 1481K, committed 1536K, reserved 1048576K
}
Event: 345,365 GC heap before
{Heap before GC invocations=1607 (full 2):
 PSYoungGen      total 75264K, used 74912K [0x00000007aab00000, 0x00000007bcd00000, 0x00000007c0000000)
  eden space 74752K, 100% used [0x00000007aab00000,0x00000007af400000,0x00000007af400000)
  from space 512K, 31% used [0x00000007bcc80000,0x00000007bcca8000,0x00000007bcd00000)
  to   space 512K, 0% used [0x00000007bcc00000,0x00000007bcc00000,0x00000007bcc80000)
 ParOldGen       total 87552K, used 63438K [0x0000000780000000, 0x0000000785580000, 0x00000007aab00000)
  object space 87552K, 72% used [0x0000000780000000,0x0000000783df3990,0x0000000785580000)
 Metaspace       used 12350K, capacity 12488K, committed 12544K, reserved 1060864K
  class space    used 1424K, capacity 1481K, committed 1536K, reserved 1048576K
Event: 345,366 GC heap after
Heap after GC invocations=1607 (full 2):
 PSYoungGen      total 72704K, used 160K [0x00000007aab00000, 0x00000007bcd00000, 0x00000007c0000000)
  eden space 72192K, 0% used [0x00000007aab00000,0x00000007aab00000,0x00000007af180000)
  from space 512K, 31% used [0x00000007bcc00000,0x00000007bcc28000,0x00000007bcc80000)
  to   space 512K, 0% used [0x00000007bcc80000,0x00000007bcc80000,0x00000007bcd00000)
 ParOldGen       total 87552K, used 63438K [0x0000000780000000, 0x0000000785580000, 0x00000007aab00000)
  object space 87552K, 72% used [0x0000000780000000,0x0000000783df3990,0x0000000785580000)
 Metaspace       used 12350K, capacity 12488K, committed 12544K, reserved 1060864K
  class space    used 1424K, capacity 1481K, committed 1536K, reserved 1048576K
}
Event: 345,454 GC heap before
{Heap before GC invocations=1608 (full 2):
 PSYoungGen      total 72704K, used 72352K [0x00000007aab00000, 0x00000007bcd00000, 0x00000007c0000000)
  eden space 72192K, 100% used [0x00000007aab00000,0x00000007af180000,0x00000007af180000)
  from space 512K, 31% used [0x00000007bcc00000,0x00000007bcc28000,0x00000007bcc80000)
  to   space 512K, 0% used [0x00000007bcc80000,0x00000007bcc80000,0x00000007bcd00000)
 ParOldGen       total 87552K, used 63438K [0x0000000780000000, 0x0000000785580000, 0x00000007aab00000)
  object space 87552K, 72% used [0x0000000780000000,0x0000000783df3990,0x0000000785580000)
 Metaspace       used 12350K, capacity 12488K, committed 12544K, reserved 1060864K
  class space    used 1424K, capacity 1481K, committed 1536K, reserved 1048576K
Event: 345,455 GC heap after
Heap after GC invocations=1608 (full 2):
 PSYoungGen      total 70656K, used 160K [0x00000007aab00000, 0x00000007bcd00000, 0x00000007c0000000)
  eden space 70144K, 0% used [0x00000007aab00000,0x00000007aab00000,0x00000007aef80000)
  from space 512K, 31% used [0x00000007bcc80000,0x00000007bcca8000,0x00000007bcd00000)
  to   space 512K, 0% used [0x00000007bcc00000,0x00000007bcc00000,0x00000007bcc80000)
 ParOldGen       total 87552K, used 63438K [0x0000000780000000, 0x0000000785580000, 0x00000007aab00000)
  object space 87552K, 72% used [0x0000000780000000,0x0000000783df3990,0x0000000785580000)
 Metaspace       used 12350K, capacity 12488K, committed 12544K, reserved 1060864K
  class space    used 1424K, capacity 1481K, committed 1536K, reserved 1048576K
}
Event: 345,535 GC heap before
{Heap before GC invocations=1609 (full 2):
 PSYoungGen      total 70656K, used 70304K [0x00000007aab00000, 0x00000007bcd00000, 0x00000007c0000000)
  eden space 70144K, 100% used [0x00000007aab00000,0x00000007aef80000,0x00000007aef80000)
  from space 512K, 31% used [0x00000007bcc80000,0x00000007bcca8000,0x00000007bcd00000)
  to   space 512K, 0% used [0x00000007bcc00000,0x00000007bcc00000,0x00000007bcc80000)
 ParOldGen       total 87552K, used 63438K [0x0000000780000000, 0x0000000785580000, 0x00000007aab00000)
  object space 87552K, 72% used [0x0000000780000000,0x0000000783df3990,0x0000000785580000)
 Metaspace       used 12350K, capacity 12488K, committed 12544K, reserved 1060864K
  class space    used 1424K, capacity 1481K, committed 1536K, reserved 1048576K
Event: 345,536 GC heap after
Heap after GC invocations=1609 (full 2):
 PSYoungGen      total 68608K, used 96K [0x00000007aab00000, 0x00000007bcd00000, 0x00000007c0000000)
  eden space 68096K, 0% used [0x00000007aab00000,0x00000007aab00000,0x00000007aed80000)
  from space 512K, 18% used [0x00000007bcc00000,0x00000007bcc18000,0x00000007bcc80000)
  to   space 512K, 0% used [0x00000007bcc80000,0x00000007bcc80000,0x00000007bcd00000)
 ParOldGen       total 87552K, used 63438K [0x0000000780000000, 0x0000000785580000, 0x00000007aab00000)
  object space 87552K, 72% used [0x0000000780000000,0x0000000783df3990,0x0000000785580000)
 Metaspace       used 12350K, capacity 12488K, committed 12544K, reserved 1060864K
  class space    used 1424K, capacity 1481K, committed 1536K, reserved 1048576K
}
Event: 345,653 GC heap before
{Heap before GC invocations=1610 (full 2):
 PSYoungGen      total 68608K, used 68192K [0x00000007aab00000, 0x00000007bcd00000, 0x00000007c0000000)
  eden space 68096K, 100% used [0x00000007aab00000,0x00000007aed80000,0x00000007aed80000)
  from space 512K, 18% used [0x00000007bcc00000,0x00000007bcc18000,0x00000007bcc80000)
  to   space 512K, 0% used [0x00000007bcc80000,0x00000007bcc80000,0x00000007bcd00000)
 ParOldGen       total 87552K, used 63438K [0x0000000780000000, 0x0000000785580000, 0x00000007aab00000)
  object space 87552K, 72% used [0x0000000780000000,0x0000000783df3990,0x0000000785580000)
 Metaspace       used 12350K, capacity 12488K, committed 12544K, reserved 1060864K
  class space    used 1424K, capacity 1481K, committed 1536K, reserved 1048576K
Event: 345,654 GC heap after
Heap after GC invocations=1610 (full 2):
 PSYoungGen      total 66560K, used 96K [0x00000007aab00000, 0x00000007bcd00000, 0x00000007c0000000)
  eden space 66048K, 0% used [0x00000007aab00000,0x00000007aab00000,0x00000007aeb80000)
  from space 512K, 18% used [0x00000007bcc80000,0x00000007bcc98000,0x00000007bcd00000)
  to   space 512K, 0% used [0x00000007bcc00000,0x00000007bcc00000,0x00000007bcc80000)
 ParOldGen       total 87552K, used 63438K [0x0000000780000000, 0x0000000785580000, 0x00000007aab00000)
  object space 87552K, 72% used [0x0000000780000000,0x0000000783df3990,0x0000000785580000)
 Metaspace       used 12350K, capacity 12488K, committed 12544K, reserved 1060864K
  class space    used 1424K, capacity 1481K, committed 1536K, reserved 1048576K
}

